#
# There is insufficient memory for the Java Runtime Environment to continue.
# Native memory allocation (mmap) failed to map 33554432 bytes for Failed to commit area from 0x0000000016740000 to 0x0000000018740000 of length 33554432.
# Possible reasons:
#   The system is out of physical RAM or swap space
#   The process is running with CompressedOops enabled, and the Java Heap may be blocking the growth of the native heap
# Possible solutions:
#   Reduce memory load on the system
#   Increase physical memory or swap space
#   Check if swap backing store is full
#   Decrease Java heap size (-Xmx/-Xms)
#   Decrease number of Java threads
#   Decrease Java thread stack sizes (-Xss)
#   Set larger code cache with -XX:ReservedCodeCacheSize=
# This output file may be truncated or incomplete.
#
#  Out of Memory Error (os_windows.cpp:3377), pid=2692, tid=0x0000000000001384
#
# JRE version:  (8.0_251-b08) (build )
# Java VM: Java HotSpot(TM) 64-Bit Server VM (25.251-b08 mixed mode windows-amd64 compressed oops)
# Failed to write core dump. Minidumps are not enabled by default on client versions of Windows
#

---------------  T H R E A D  ---------------

Current thread (0x0000000002905800):  JavaThread "Unknown thread" [_thread_in_vm, id=4996, stack(0x0000000002800000,0x0000000002900000)]

Stack: [0x0000000002800000,0x0000000002900000]
[error occurred during error reporting (printing stack bounds), id 0xc0000005]

Native frames: (J=compiled Java code, j=interpreted, Vv=VM code, C=native code)


---------------  P R O C E S S  ---------------

Java Threads: ( => current thread )

Other Threads:

=>0x0000000002905800 (exited) JavaThread "Unknown thread" [_thread_in_vm, id=4996, stack(0x0000000002800000,0x0000000002900000)]

VM state:not at safepoint (not fully initialized)

VM Mutex/Monitor currently owned by a thread:  ([mutex/lock_event])
[0x0000000002903ae0] Heap_lock - owner thread: 0x0000000002905800

heap address: 0x0000000080000000, size: 2048 MB, Compressed Oops mode: Non-zero based:0x000000007ffff000
Narrow klass base: 0x0000000000000000, Narrow klass shift: 0

GC Heap History (0 events):
No events

Deoptimization events (0 events):
No events

Classes redefined (0 events):
No events

Internal exceptions (0 events):
No events

Events (0 events):
No events


Dynamic libraries:
0x00007ff60f330000 - 0x00007ff60f367000 	C:\Program Files\Java\jdk1.8.0_251\bin\java.exe
0x00007fff62d40000 - 0x00007fff62f30000 	C:\WINDOWS\SYSTEM32\ntdll.dll
0x00007fff62c40000 - 0x00007fff62cf2000 	C:\WINDOWS\System32\KERNEL32.DLL
0x00007fff60650000 - 0x00007fff608f4000 	C:\WINDOWS\System32\KERNELBASE.dll
0x00007fff62af0000 - 0x00007fff62b93000 	C:\WINDOWS\System32\ADVAPI32.dll
0x00007fff62190000 - 0x00007fff6222e000 	C:\WINDOWS\System32\msvcrt.dll
0x00007fff61310000 - 0x00007fff613a7000 	C:\WINDOWS\System32\sechost.dll
0x00007fff61490000 - 0x00007fff615b0000 	C:\WINDOWS\System32\RPCRT4.dll
0x00007fff62950000 - 0x00007fff62ae4000 	C:\WINDOWS\System32\USER32.dll
0x00007fff609a0000 - 0x00007fff609c1000 	C:\WINDOWS\System32\win32u.dll
0x00007fff61720000 - 0x00007fff61746000 	C:\WINDOWS\System32\GDI32.dll
0x00007fff609d0000 - 0x00007fff60b65000 	C:\WINDOWS\System32\gdi32full.dll
0x00007fff60900000 - 0x00007fff6099e000 	C:\WINDOWS\System32\msvcp_win.dll
0x00007fff5fd70000 - 0x00007fff5fe6a000 	C:\WINDOWS\System32\ucrtbase.dll
0x00007fff4dc70000 - 0x00007fff4def4000 	C:\WINDOWS\WinSxS\amd64_microsoft.windows.common-controls_6595b64144ccf1df_6.0.18362.900_none_e6beb9d913147d17\COMCTL32.dll
0x00007fff61760000 - 0x00007fff61a95000 	C:\WINDOWS\System32\combase.dll
0x00007fff60d70000 - 0x00007fff60df0000 	C:\WINDOWS\System32\bcryptPrimitives.dll
0x00007fff625d0000 - 0x00007fff625fe000 	C:\WINDOWS\System32\IMM32.DLL
0x000000005a460000 - 0x000000005a532000 	C:\Program Files\Java\jdk1.8.0_251\jre\bin\msvcr100.dll
0x0000000059bb0000 - 0x000000005a45b000 	C:\Program Files\Java\jdk1.8.0_251\jre\bin\server\jvm.dll
0x00007fff61750000 - 0x00007fff61758000 	C:\WINDOWS\System32\PSAPI.DLL
0x00007fff5c470000 - 0x00007fff5c494000 	C:\WINDOWS\SYSTEM32\WINMM.dll
0x00007fff52550000 - 0x00007fff5255a000 	C:\WINDOWS\SYSTEM32\VERSION.dll
0x00007fff52540000 - 0x00007fff52549000 	C:\WINDOWS\SYSTEM32\WSOCK32.dll
0x00007fff62560000 - 0x00007fff625cf000 	C:\WINDOWS\System32\WS2_32.dll
0x00007fff5c440000 - 0x00007fff5c46d000 	C:\WINDOWS\SYSTEM32\WINMMBASE.dll
0x00007fff5fcd0000 - 0x00007fff5fd1a000 	C:\WINDOWS\System32\cfgmgr32.dll
0x00007fff586b0000 - 0x00007fff586bf000 	C:\Program Files\Java\jdk1.8.0_251\jre\bin\verify.dll
0x00007fff41080000 - 0x00007fff410a9000 	C:\Program Files\Java\jdk1.8.0_251\jre\bin\java.dll
0x00007fff41b90000 - 0x00007fff41ba6000 	C:\Program Files\Java\jdk1.8.0_251\jre\bin\zip.dll

VM Arguments:
jvm_args: -XX:+UnlockExperimentalVMOptions -XX:+UseG1GC -XX:G1NewSizePercent=20 -XX:G1ReservePercent=20 -XX:MaxGCPauseMillis=50 -XX:G1HeapRegionSize=32M -Xms2G -Xmx2G -Dfile.encoding=windows-1251 -Duser.country=RU -Duser.language=ru -Duser.variant 
java_command: GradleStart --username=JEKRUY
java_class_path (initial): C:\Users\JEKRUYS\.gradle\caches\minecraft\deobfedDeps\compileDummy.jar;C:\Users\JEKRUYS\.gradle\caches\minecraft\deobfedDeps\providedDummy.jar;C:\Users\JEKRUYS\.gradle\caches\minecraft\net\minecraftforge\forge\1.12.2-14.23.5.2847\snapshot\20171003\forgeSrc-1.12.2-14.23.5.2847.jar;C:\Users\JEKRUYS\.gradle\caches\modules-2\files-2.1\com.google.code.findbugs\jsr305\3.0.1\f7be08ec23c21485b9b5a1cf1654c2ec8c58168d\jsr305-3.0.1.jar;C:\Users\JEKRUYS\.gradle\caches\modules-2\files-2.1\com.mojang\patchy\1.1\aef610b34a1be37fa851825f12372b78424d8903\patchy-1.1.jar;C:\Users\JEKRUYS\.gradle\caches\modules-2\files-2.1\oshi-project\oshi-core\1.1\9ddf7b048a8d701be231c0f4f95fd986198fd2d8\oshi-core-1.1.jar;C:\Users\JEKRUYS\.gradle\caches\modules-2\files-2.1\net.java.dev.jna\jna\4.4.0\cb208278274bf12ebdb56c61bd7407e6f774d65a\jna-4.4.0.jar;C:\Users\JEKRUYS\.gradle\caches\modules-2\files-2.1\net.java.dev.jna\platform\3.4.0\e3f70017be8100d3d6923f50b3d2ee17714e9c13\platform-3.4.0.jar;C:\Users\JEKRUYS\.gradle\caches\modules-2\files-2.1\com.ibm.icu\icu4j-core-mojang\51.2\63d216a9311cca6be337c1e458e587f99d382b84\icu4j-core-mojang-51.2.jar;C:\Users\JEKRUYS\.gradle\caches\modules-2\files-2.1\net.sf.jopt-simple\jopt-simple\5.0.3\cdd846cfc4e0f7eefafc02c0f5dce32b9303aa2a\jopt-simple-5.0.3.jar;C:\Users\JEKRUYS\.gradle\caches\modules-2\files-2.1\io.netty\netty-all\4.1.9.Final\97860965d6a0a6b98e7f569f3f966727b8db75\netty-all-4.1.9.Final.jar;C:\Users\JEKRUYS\.gradle\caches\modules-2\files-2.1\com.google.guava\guava\21.0\3a3d111be1be1b745edfa7d91678a12d7ed38709\guava-21.0.jar;C:\Users\JEKRUYS\.gradle\caches\modules-2\files-2.1\org.apache.commons\commons-lang3\3.5\6c6c702c89bfff3cd9e80b04d668c5e190d588c6\commons-lang3-3.5.jar;C:\Users\JEKRUYS\.gradle\caches\modules-2\files-2.1\commons-io\commons-io\2.5\2852e6e05fbb95076fc091f6d1780f1f8fe35e0f\commons-io-2.5.jar;C:\Users\JEKRUYS\.gradle\caches\modules-2\files-2.1\commons-codec\commons-codec\1.10\4b95f4897fa13f2cd904aee711aeaf
Launcher Type: SUN_STANDARD

Environment Variables:
PATH=C:/Program Files/Java/jre1.8.0_251/bin/server;C:/Program Files/Java/jre1.8.0_251/bin;C:/Program Files/Java/jre1.8.0_251/lib/amd64;C:\Program Files (x86)\Common Files\Oracle\Java\javapath;C:\Users\JEKRUY\AppData\Local\Android\android-sdk\platform-tools;C:\WINDOWS\system32;C:\WINDOWS;C:\WINDOWS\System32\Wbem;C:\WINDOWS\System32\WindowsPowerShell\v1.0\;C:\WINDOWS\System32\OpenSSH\;D:\Git LFS;C:\Program Files\Common Files\Autodesk Shared\;C:\Program Files (x86)\Common Files\Acronis\SnapAPI\;C:\Program Files (x86)\NVIDIA Corporation\PhysX\Common;C:\Program Files\TortoiseSVN\bin;C:\Program Files\dotnet\;C:\Users\JEKRUYS\AppData\Local\Programs\Python\Python37;C:\Users\JEKRUYS\AppData\Local\Programs\Python\Python37\Scripts;c:\users\jekruys\appdata\local\programs\python\python37\lib\site-packages;C:\Users\JEKRUYS\AppData\Local\Programs\Python\Python37\Lib;C:\Program Files\Java\jdk1.8.0_251\bin;C:\Program Files (x86)\Brackets\command;C:\Users\JEKRUYS\AppData\Local\Microsoft\WindowsApps;C:\Users\JEKRUYS\AppData\Local\GitHubDesktop\bin;C:\WINDOWS\system32;
USERNAME=JEKRUYS
OS=Windows_NT
PROCESSOR_IDENTIFIER=Intel64 Family 6 Model 58 Stepping 9, GenuineIntel



---------------  S Y S T E M  ---------------

OS: Windows 10.0 , 64 bit Build 18362 (10.0.18362.900)

CPU:total 8 (initial active 8) (4 cores per cpu, 2 threads per core) family 6 model 58 stepping 9, cmov, cx8, fxsr, mmx, sse, sse2, sse3, ssse3, sse4.1, sse4.2, popcnt, avx, aes, clmul, erms, ht, tsc, tscinvbit, tscinv

Memory: 4k page, physical 6178072k(1613144k free), swap 15094364k(25876k free)

vm_info: Java HotSpot(TM) 64-Bit Server VM (25.251-b08) for windows-amd64 JRE (1.8.0_251-b08), built on Mar 12 2020 06:31:49 by "" with MS VC++ 10.0 (VS2010)

time: Mon Jun 22 13:15:16 2020
timezone: Астраханское стандартное время
elapsed time: 2 seconds (0d 0h 0m 2s)

